Space and Time copy/Library/Bee/Android/Prj/Mono2x/Gradle/unityLibrary/build/intermediates/manifest_merge_blame_file/release/manifest-merger-blame-release-report.txt
1<?xml version="1.0" encoding="utf-8"?>
2<manifest xmlns:android="http://schemas.android.com/apk/res/android"
3    xmlns:tools="http://schemas.android.com/tools"
4    package="com.unity3d.player"
5    android:installLocation="auto" >
6
7    <uses-sdk android:minSdkVersion="23" />
7-->src/main/AndroidManifest.xml
8
9    <uses-permission android:name="android.permission.INTERNET" />
9-->src/main/AndroidManifest.xml:3:3-65
9-->src/main/AndroidManifest.xml:3:20-62
10
11    <uses-feature android:glEsVersion="0x00030000" />
11-->src/main/AndroidManifest.xml:4:3-52
11-->src/main/AndroidManifest.xml:4:17-49
12    <uses-feature
12-->src/main/AndroidManifest.xml:5:3-88
13        android:name="android.hardware.touchscreen"
13-->src/main/AndroidManifest.xml:5:17-60
14        android:required="false" />
14-->src/main/AndroidManifest.xml:5:61-85
15    <uses-feature
15-->src/main/AndroidManifest.xml:6:3-99
16        android:name="android.hardware.touchscreen.multitouch"
16-->src/main/AndroidManifest.xml:6:17-71
17        android:required="false" />
17-->src/main/AndroidManifest.xml:6:72-96
18    <uses-feature
18-->src/main/AndroidManifest.xml:7:3-108
19        android:name="android.hardware.touchscreen.multitouch.distinct"
19-->src/main/AndroidManifest.xml:7:17-80
20        android:required="false" />
20-->src/main/AndroidManifest.xml:7:81-105
21    <uses-feature
21-->src/main/AndroidManifest.xml:31:3-111
22        android:name="android.hardware.vr.headtracking"
22-->src/main/AndroidManifest.xml:31:17-64
23        android:required="true"
23-->src/main/AndroidManifest.xml:31:65-88
24        android:version="1" />
24-->src/main/AndroidManifest.xml:31:89-108
25
26    <application android:extractNativeLibs="true" >
26-->src/main/AndroidManifest.xml:8:3-30:17
26-->src/main/AndroidManifest.xml:8:16-48
27        <meta-data
27-->src/main/AndroidManifest.xml:9:5-69
28            android:name="unity.splash-mode"
28-->src/main/AndroidManifest.xml:9:16-48
29            android:value="0" />
29-->src/main/AndroidManifest.xml:9:49-66
30        <meta-data
30-->src/main/AndroidManifest.xml:10:5-74
31            android:name="unity.splash-enable"
31-->src/main/AndroidManifest.xml:10:16-50
32            android:value="True" />
32-->src/main/AndroidManifest.xml:10:51-71
33        <meta-data
33-->src/main/AndroidManifest.xml:11:5-78
34            android:name="unity.launch-fullscreen"
34-->src/main/AndroidManifest.xml:11:16-54
35            android:value="True" />
35-->src/main/AndroidManifest.xml:11:55-75
36        <meta-data
36-->src/main/AndroidManifest.xml:12:5-84
37            android:name="unity.render-outside-safearea"
37-->src/main/AndroidManifest.xml:12:16-60
38            android:value="True" />
38-->src/main/AndroidManifest.xml:12:61-81
39        <meta-data
39-->src/main/AndroidManifest.xml:13:5-81
40            android:name="notch.config"
40-->src/main/AndroidManifest.xml:13:16-43
41            android:value="portrait|landscape" />
41-->src/main/AndroidManifest.xml:13:44-78
42        <meta-data
42-->src/main/AndroidManifest.xml:14:5-84
43            android:name="unity.auto-report-fully-drawn"
43-->src/main/AndroidManifest.xml:14:16-60
44            android:value="true" />
44-->src/main/AndroidManifest.xml:14:61-81
45
46        <activity
46-->src/main/AndroidManifest.xml:15:5-24:16
47            android:name="com.unity3d.player.UnityPlayerActivity"
47-->src/main/AndroidManifest.xml:15:15-68
48            android:configChanges="keyboard|keyboardHidden|navigation|orientation|screenLayout|screenSize|uiMode"
48-->src/main/AndroidManifest.xml:15:204-305
49            android:exported="true"
49-->src/main/AndroidManifest.xml:15:377-400
50            android:hardwareAccelerated="false"
50-->src/main/AndroidManifest.xml:15:341-376
51            android:launchMode="singleTask"
51-->src/main/AndroidManifest.xml:15:172-203
52            android:resizeableActivity="false"
52-->src/main/AndroidManifest.xml:15:306-340
53            android:screenOrientation="landscape"
53-->src/main/AndroidManifest.xml:15:134-171
54            android:theme="@android:style/Theme.Black.NoTitleBar.Fullscreen" >
54-->src/main/AndroidManifest.xml:15:69-133
55            <intent-filter>
55-->src/main/AndroidManifest.xml:16:7-20:23
56                <category android:name="android.intent.category.LAUNCHER" />
56-->src/main/AndroidManifest.xml:17:9-69
56-->src/main/AndroidManifest.xml:17:19-66
57
58                <action android:name="android.intent.action.MAIN" />
58-->src/main/AndroidManifest.xml:18:9-61
58-->src/main/AndroidManifest.xml:18:17-58
59
60                <category android:name="com.oculus.intent.category.VR" />
60-->src/main/AndroidManifest.xml:19:9-66
60-->src/main/AndroidManifest.xml:19:19-63
61            </intent-filter>
62
63            <meta-data
63-->src/main/AndroidManifest.xml:21:7-82
64                android:name="unityplayer.UnityActivity"
64-->src/main/AndroidManifest.xml:21:18-58
65                android:value="true" />
65-->src/main/AndroidManifest.xml:21:59-79
66            <meta-data
66-->src/main/AndroidManifest.xml:22:7-70
67                android:name="notch_support"
67-->src/main/AndroidManifest.xml:22:18-46
68                android:value="true" />
68-->src/main/AndroidManifest.xml:22:47-67
69            <meta-data
69-->src/main/AndroidManifest.xml:23:7-81
70                android:name="com.oculus.vr.focusaware"
70-->src/main/AndroidManifest.xml:23:18-57
71                android:value="true" />
71-->src/main/AndroidManifest.xml:23:58-78
72        </activity>
73
74        <meta-data
74-->src/main/AndroidManifest.xml:25:5-97
75            android:name="com.samsung.android.vr.application.mode"
75-->src/main/AndroidManifest.xml:25:16-70
76            android:value="vr_only" />
76-->src/main/AndroidManifest.xml:25:71-94
77        <meta-data
77-->src/main/AndroidManifest.xml:26:5-91
78            android:name="com.unity.xr.oculus.LowOverheadMode"
78-->src/main/AndroidManifest.xml:26:16-66
79            android:value="false" />
79-->src/main/AndroidManifest.xml:26:67-88
80        <meta-data
80-->src/main/AndroidManifest.xml:27:5-88
81            android:name="com.unity.xr.oculus.LateLatching"
81-->src/main/AndroidManifest.xml:27:16-63
82            android:value="false" />
82-->src/main/AndroidManifest.xml:27:64-85
83        <meta-data
83-->src/main/AndroidManifest.xml:28:5-93
84            android:name="com.unity.xr.oculus.LateLatchingDebug"
84-->src/main/AndroidManifest.xml:28:16-68
85            android:value="false" />
85-->src/main/AndroidManifest.xml:28:69-90
86        <meta-data
86-->src/main/AndroidManifest.xml:29:5-84
87            android:name="com.oculus.supportedDevices"
87-->src/main/AndroidManifest.xml:29:16-58
88            android:value="quest2" />
88-->src/main/AndroidManifest.xml:29:59-81
89    </application>
90
91</manifest>